#
# There is insufficient memory for the Java Runtime Environment to continue.
# Native memory allocation (malloc) failed to allocate 32744 bytes for ChunkPool::allocate
# Possible reasons:
#   The system is out of physical RAM or swap space
#   In 32 bit mode, the process size limit was hit
# Possible solutions:
#   Reduce memory load on the system
#   Increase physical memory or swap space
#   Check if swap backing store is full
#   Use 64 bit Java on a 64 bit OS
#   Decrease Java heap size (-Xmx/-Xms)
#   Decrease number of Java threads
#   Decrease Java thread stack sizes (-Xss)
#   Set larger code cache with -XX:ReservedCodeCacheSize=
# This output file may be truncated or incomplete.
#
#  Out of Memory Error (allocation.cpp:273), pid=11400, tid=0x000000000000140c
#
# JRE version: Java(TM) SE Runtime Environment (8.0_101-b13) (build 1.8.0_101-b13)
# Java VM: Java HotSpot(TM) 64-Bit Server VM (25.101-b13 mixed mode windows-amd64 compressed oops)
# Failed to write core dump. Minidumps are not enabled by default on client versions of Windows
#

---------------  T H R E A D  ---------------

Current thread (0x0000000017b3b800):  JavaThread "C1 CompilerThread2" daemon [_thread_in_native, id=5132, stack(0x0000000019380000,0x0000000019480000)]

Stack: [0x0000000019380000,0x0000000019480000]
[error occurred during error reporting (printing stack bounds), id 0xc0000005]

Native frames: (J=compiled Java code, j=interpreted, Vv=VM code, C=native code)


Current CompileTask:
C1:   1433  894       1       java.nio.DirectByteBuffer::isReadOnly (2 bytes)


---------------  P R O C E S S  ---------------

Java Threads: ( => current thread )
  0x0000000002ed0800 JavaThread "DestroyJavaVM" [_thread_blocked, id=13288, stack(0x0000000002d80000,0x0000000002e80000)]
  0x00000000197fc000 JavaThread "AWT-EventQueue-0" [_thread_in_native, id=10384, stack(0x000000001a0f0000,0x000000001a1f0000)]
  0x00000000197f6000 JavaThread "AWT-Windows" daemon [_thread_in_native, id=21396, stack(0x0000000019db0000,0x0000000019eb0000)]
  0x00000000197f3000 JavaThread "AWT-Shutdown" [_thread_blocked, id=9224, stack(0x0000000019cb0000,0x0000000019db0000)]
  0x00000000197f1800 JavaThread "Java2D Disposer" daemon [_thread_blocked, id=14052, stack(0x0000000019bb0000,0x0000000019cb0000)]
  0x0000000017b8d800 JavaThread "Service Thread" daemon [_thread_blocked, id=20672, stack(0x0000000019880000,0x0000000019980000)]
=>0x0000000017b3b800 JavaThread "C1 CompilerThread2" daemon [_thread_in_native, id=5132, stack(0x0000000019380000,0x0000000019480000)]
  0x0000000017b33000 JavaThread "C2 CompilerThread1" daemon [_thread_in_native, id=21412, stack(0x0000000019280000,0x0000000019380000)]
  0x0000000017b2e800 JavaThread "C2 CompilerThread0" daemon [_thread_blocked, id=12276, stack(0x0000000019180000,0x0000000019280000)]
  0x0000000017b2d800 JavaThread "Attach Listener" daemon [_thread_blocked, id=18280, stack(0x0000000019080000,0x0000000019180000)]
  0x0000000017b2a000 JavaThread "Signal Dispatcher" daemon [_thread_blocked, id=21484, stack(0x0000000018f80000,0x0000000019080000)]
  0x0000000017b1a800 JavaThread "Finalizer" daemon [_thread_blocked, id=21424, stack(0x0000000018d90000,0x0000000018e90000)]
  0x0000000002fc0000 JavaThread "Reference Handler" daemon [_thread_blocked, id=21428, stack(0x0000000018c90000,0x0000000018d90000)]

Other Threads:
  0x0000000017af8000 VMThread [stack: 0x0000000018b90000,0x0000000018c90000] [id=19784]
  0x00000000194b4800 WatcherThread [stack: 0x0000000019980000,0x0000000019a80000] [id=4764]

VM state:not at safepoint (normal execution)

VM Mutex/Monitor currently owned by a thread: None

Heap:
 PSYoungGen      total 38400K, used 30697K [0x00000000d5d00000, 0x00000000d8780000, 0x0000000100000000)
  eden space 33280K, 92% used [0x00000000d5d00000,0x00000000d7afa7e0,0x00000000d7d80000)
  from space 5120K, 0% used [0x00000000d8280000,0x00000000d8280000,0x00000000d8780000)
  to   space 5120K, 0% used [0x00000000d7d80000,0x00000000d7d80000,0x00000000d8280000)
 ParOldGen       total 87552K, used 40392K [0x0000000081600000, 0x0000000086b80000, 0x00000000d5d00000)
  object space 87552K, 46% used [0x0000000081600000,0x0000000083d72330,0x0000000086b80000)
 Metaspace       used 12341K, capacity 12544K, committed 12800K, reserved 1060864K
  class space    used 1641K, capacity 1722K, committed 1792K, reserved 1048576K

Card table byte_map: [0x0000000012390000,0x0000000012790000] byte_map_base: 0x0000000011f85000

Marking Bits: (ParMarkBitMap*) 0x000000006bfba6d0
 Begin Bits: [0x0000000012e40000, 0x0000000014de8000)
 End Bits:   [0x0000000014de8000, 0x0000000016d90000)

Polling page: 0x0000000001110000

CodeCache: size=245760Kb used=3299Kb max_used=3311Kb free=242460Kb
 bounds [0x0000000002fd0000, 0x0000000003310000, 0x0000000011fd0000]
 total_blobs=1376 nmethods=892 adapters=397
 compilation: enabled

Compilation events (10 events):
Event: 1.414 Thread 0x0000000017b3b800  889   !   3       sun.font.TrueTypeFont::getAllFullNames (33 bytes)
Event: 1.415 Thread 0x0000000017b3b800 nmethod 889 0x000000000330a950 code [0x000000000330ab20, 0x000000000330b298]
Event: 1.415 Thread 0x0000000017b3b800  891  s    3       sun.font.FontFamily::addLocaleNames (45 bytes)
Event: 1.415 Thread 0x0000000017b3b800 nmethod 891 0x0000000003309bd0 code [0x0000000003309da0, 0x000000000330a5d8]
Event: 1.415 Thread 0x0000000017b3b800  890   !   3       sun.font.TrueTypeFont::getAllFamilyNames (33 bytes)
Event: 1.416 Thread 0x0000000017b3b800 nmethod 890 0x000000000330c250 code [0x000000000330c420, 0x000000000330cb98]
Event: 1.419 Thread 0x0000000017b2e800  892       4       java.nio.channels.spi.AbstractInterruptibleChannel::end (50 bytes)
Event: 1.421 Thread 0x0000000017b2e800 nmethod 892 0x000000000330bc50 code [0x000000000330bda0, 0x000000000330c078]
Event: 1.424 Thread 0x0000000017b33000  893   !   4       sun.font.TrueTypeFont::getTableBuffer (199 bytes)
Event: 1.430 Thread 0x0000000017b3b800  894       1       java.nio.DirectByteBuffer::isReadOnly (2 bytes)

GC Heap History (8 events):
Event: 0.777 GC heap before
{Heap before GC invocations=1 (full 0):
 PSYoungGen      total 38400K, used 33280K [0x00000000d5d00000, 0x00000000d8780000, 0x0000000100000000)
  eden space 33280K, 100% used [0x00000000d5d00000,0x00000000d7d80000,0x00000000d7d80000)
  from space 5120K, 0% used [0x00000000d8280000,0x00000000d8280000,0x00000000d8780000)
  to   space 5120K, 0% used [0x00000000d7d80000,0x00000000d7d80000,0x00000000d8280000)
 ParOldGen       total 87552K, used 0K [0x0000000081600000, 0x0000000086b80000, 0x00000000d5d00000)
  object space 87552K, 0% used [0x0000000081600000,0x0000000081600000,0x0000000086b80000)
 Metaspace       used 7395K, capacity 7550K, committed 7680K, reserved 1056768K
  class space    used 883K, capacity 960K, committed 1024K, reserved 1048576K
Event: 0.792 GC heap after
Heap after GC invocations=1 (full 0):
 PSYoungGen      total 38400K, used 1168K [0x00000000d5d00000, 0x00000000d8780000, 0x0000000100000000)
  eden space 33280K, 0% used [0x00000000d5d00000,0x00000000d5d00000,0x00000000d7d80000)
  from space 5120K, 22% used [0x00000000d7d80000,0x00000000d7ea4010,0x00000000d8280000)
  to   space 5120K, 0% used [0x00000000d8280000,0x00000000d8280000,0x00000000d8780000)
 ParOldGen       total 87552K, used 58620K [0x0000000081600000, 0x0000000086b80000, 0x00000000d5d00000)
  object space 87552K, 66% used [0x0000000081600000,0x0000000084f3f230,0x0000000086b80000)
 Metaspace       used 7395K, capacity 7550K, committed 7680K, reserved 1056768K
  class space    used 883K, capacity 960K, committed 1024K, reserved 1048576K
}
Event: 0.792 GC heap before
{Heap before GC invocations=2 (full 1):
 PSYoungGen      total 38400K, used 1168K [0x00000000d5d00000, 0x00000000d8780000, 0x0000000100000000)
  eden space 33280K, 0% used [0x00000000d5d00000,0x00000000d5d00000,0x00000000d7d80000)
  from space 5120K, 22% used [0x00000000d7d80000,0x00000000d7ea4010,0x00000000d8280000)
  to   space 5120K, 0% used [0x00000000d8280000,0x00000000d8280000,0x00000000d8780000)
 ParOldGen       total 87552K, used 58620K [0x0000000081600000, 0x0000000086b80000, 0x00000000d5d00000)
  object space 87552K, 66% used [0x0000000081600000,0x0000000084f3f230,0x0000000086b80000)
 Metaspace       used 7395K, capacity 7550K, committed 7680K, reserved 1056768K
  class space    used 883K, capacity 960K, committed 1024K, reserved 1048576K
Event: 0.803 GC heap after
Heap after GC invocations=2 (full 1):
 PSYoungGen      total 38400K, used 0K [0x00000000d5d00000, 0x00000000d8780000, 0x0000000100000000)
  eden space 33280K, 0% used [0x00000000d5d00000,0x00000000d5d00000,0x00000000d7d80000)
  from space 5120K, 0% used [0x00000000d7d80000,0x00000000d7d80000,0x00000000d8280000)
  to   space 5120K, 0% used [0x00000000d8280000,0x00000000d8280000,0x00000000d8780000)
 ParOldGen       total 87552K, used 20623K [0x0000000081600000, 0x0000000086b80000, 0x00000000d5d00000)
  object space 87552K, 23% used [0x0000000081600000,0x0000000082a23cf8,0x0000000086b80000)
 Metaspace       used 7395K, capacity 7550K, committed 7680K, reserved 1056768K
  class space    used 883K, capacity 960K, committed 1024K, reserved 1048576K
}
Event: 0.880 GC heap before
{Heap before GC invocations=3 (full 1):
 PSYoungGen      total 38400K, used 33280K [0x00000000d5d00000, 0x00000000d8780000, 0x0000000100000000)
  eden space 33280K, 100% used [0x00000000d5d00000,0x00000000d7d80000,0x00000000d7d80000)
  from space 5120K, 0% used [0x00000000d7d80000,0x00000000d7d80000,0x00000000d8280000)
  to   space 5120K, 0% used [0x00000000d8280000,0x00000000d8280000,0x00000000d8780000)
 ParOldGen       total 87552K, used 20623K [0x0000000081600000, 0x0000000086b80000, 0x00000000d5d00000)
  object space 87552K, 23% used [0x0000000081600000,0x0000000082a23cf8,0x0000000086b80000)
 Metaspace       used 8053K, capacity 8228K, committed 8576K, reserved 1056768K
  class space    used 973K, capacity 1058K, committed 1152K, reserved 1048576K
Event: 0.894 GC heap after
Heap after GC invocations=3 (full 1):
 PSYoungGen      total 38400K, used 288K [0x00000000d5d00000, 0x00000000d8780000, 0x0000000100000000)
  eden space 33280K, 0% used [0x00000000d5d00000,0x00000000d5d00000,0x00000000d7d80000)
  from space 5120K, 5% used [0x00000000d8280000,0x00000000d82c8000,0x00000000d8780000)
  to   space 5120K, 0% used [0x00000000d7d80000,0x00000000d7d80000,0x00000000d8280000)
 ParOldGen       total 87552K, used 79243K [0x0000000081600000, 0x0000000086b80000, 0x00000000d5d00000)
  object space 87552K, 90% used [0x0000000081600000,0x0000000086362f28,0x0000000086b80000)
 Metaspace       used 8053K, capacity 8228K, committed 8576K, reserved 1056768K
  class space    used 973K, capacity 1058K, committed 1152K, reserved 1048576K
}
Event: 0.894 GC heap before
{Heap before GC invocations=4 (full 2):
 PSYoungGen      total 38400K, used 288K [0x00000000d5d00000, 0x00000000d8780000, 0x0000000100000000)
  eden space 33280K, 0% used [0x00000000d5d00000,0x00000000d5d00000,0x00000000d7d80000)
  from space 5120K, 5% used [0x00000000d8280000,0x00000000d82c8000,0x00000000d8780000)
  to   space 5120K, 0% used [0x00000000d7d80000,0x00000000d7d80000,0x00000000d8280000)
 ParOldGen       total 87552K, used 79243K [0x0000000081600000, 0x0000000086b80000, 0x00000000d5d00000)
  object space 87552K, 90% used [0x0000000081600000,0x0000000086362f28,0x0000000086b80000)
 Metaspace       used 8053K, capacity 8228K, committed 8576K, reserved 1056768K
  class space    used 973K, capacity 1058K, committed 1152K, reserved 1048576K
Event: 0.904 GC heap after
Heap after GC invocations=4 (full 2):
 PSYoungGen      total 38400K, used 0K [0x00000000d5d00000, 0x00000000d8780000, 0x0000000100000000)
  eden space 33280K, 0% used [0x00000000d5d00000,0x00000000d5d00000,0x00000000d7d80000)
  from space 5120K, 0% used [0x00000000d8280000,0x00000000d8280000,0x00000000d8780000)
  to   space 5120K, 0% used [0x00000000d7d80000,0x00000000d7d80000,0x00000000d8280000)
 ParOldGen       total 87552K, used 40392K [0x0000000081600000, 0x0000000086b80000, 0x00000000d5d00000)
  object space 87552K, 46% used [0x0000000081600000,0x0000000083d72330,0x0000000086b80000)
 Metaspace       used 8053K, capacity 8228K, committed 8576K, reserved 1056768K
  class space    used 973K, capacity 1058K, committed 1152K, reserved 1048576K
}

Deoptimization events (7 events):
Event: 0.437 Thread 0x00000000197fc000 Uncommon trap: reason=null_check action=make_not_entrant pc=0x000000000314b8b8 method=java.lang.String.equals(Ljava/lang/Object;)Z @ 8
Event: 1.040 Thread 0x00000000197fc000 Uncommon trap: reason=unstable_if action=reinterpret pc=0x0000000003198db8 method=java.lang.String.<init>([CII)V @ 18
Event: 1.050 Thread 0x00000000197fc000 Uncommon trap: reason=class_check action=maybe_recompile pc=0x00000000031631a8 method=java.lang.String.equals(Ljava/lang/Object;)Z @ 8
Event: 1.109 Thread 0x00000000197fc000 Uncommon trap: reason=class_check action=maybe_recompile pc=0x00000000031631a8 method=java.lang.String.equals(Ljava/lang/Object;)Z @ 8
Event: 1.109 Thread 0x00000000197fc000 Uncommon trap: reason=class_check action=maybe_recompile pc=0x00000000031631a8 method=java.lang.String.equals(Ljava/lang/Object;)Z @ 8
Event: 1.379 Thread 0x00000000197fc000 Uncommon trap: reason=unstable_if action=reinterpret pc=0x00000000032b8738 method=java.lang.CharacterData.of(I)Ljava/lang/CharacterData; @ 4
Event: 1.384 Thread 0x00000000197fc000 Uncommon trap: reason=unstable_if action=reinterpret pc=0x00000000032fa174 method=java.lang.Character.isSurrogate(C)Z @ 3

Internal exceptions (10 events):
Event: 0.256 Thread 0x0000000002ed0800 Exception <a 'java/security/PrivilegedActionException'> (0x00000000d5d84580) thrown at [C:\re\workspace\8-2-build-windows-amd64-cygwin\jdk8u101\7261\hotspot\src\share\vm\prims\jvm.cpp, line 1386]
Event: 0.256 Thread 0x0000000002ed0800 Exception <a 'java/security/PrivilegedActionException'> (0x00000000d5d84790) thrown at [C:\re\workspace\8-2-build-windows-amd64-cygwin\jdk8u101\7261\hotspot\src\share\vm\prims\jvm.cpp, line 1386]
Event: 0.261 Thread 0x0000000002ed0800 Exception <a 'java/io/FileNotFoundException'> (0x00000000d5d86f68) thrown at [C:\re\workspace\8-2-build-windows-amd64-cygwin\jdk8u101\7261\hotspot\src\share\vm\prims\jni.cpp, line 709]
Event: 0.342 Thread 0x0000000002ed0800 Exception <a 'java/lang/NoSuchFieldError': method resolution failed> (0x00000000d5efab80) thrown at [C:\re\workspace\8-2-build-windows-amd64-cygwin\jdk8u101\7261\hotspot\src\share\vm\prims\methodHandles.cpp, line 1146]
Event: 0.347 Thread 0x0000000002ed0800 Exception <a 'java/lang/NoSuchFieldError': method resolution failed> (0x00000000d5f07ed0) thrown at [C:\re\workspace\8-2-build-windows-amd64-cygwin\jdk8u101\7261\hotspot\src\share\vm\prims\methodHandles.cpp, line 1146]
Event: 0.437 Thread 0x00000000197fc000 Implicit null exception at 0x000000000314b6e2 to 0x000000000314b8a9
Event: 0.447 Thread 0x00000000197fc000 Exception <a 'java/io/FileNotFoundException'> (0x00000000d61373e0) thrown at [C:\re\workspace\8-2-build-windows-amd64-cygwin\jdk8u101\7261\hotspot\src\share\vm\prims\jni.cpp, line 709]
Event: 1.342 Thread 0x00000000197fc000 Exception <a 'java/io/IOException'> (0x00000000d74cab30) thrown at [C:\re\workspace\8-2-build-windows-amd64-cygwin\jdk8u101\7261\hotspot\src\share\vm\prims\jni.cpp, line 709]
Event: 1.342 Thread 0x00000000197fc000 Implicit null exception at 0x00000000032a3ad1 to 0x00000000032a5d90
Event: 1.342 Thread 0x00000000197fc000 Exception <a 'java/lang/NullPointerException'> (0x00000000d74cb020) thrown at [C:\re\workspace\8-2-build-windows-amd64-cygwin\jdk8u101\7261\hotspot\src\share\vm\runtime\sharedRuntime.cpp, line 605]

Events (10 events):
Event: 1.379 Thread 0x00000000197fc000 Uncommon trap: trap_request=0xffffff65 fr.pc=0x00000000032b8738
Event: 1.379 Thread 0x00000000197fc000 DEOPT PACKING pc=0x00000000032b8738 sp=0x000000001a1ed370
Event: 1.379 Thread 0x00000000197fc000 DEOPT UNPACKING pc=0x000000000301582a sp=0x000000001a1ed1f0 mode 2
Event: 1.379 loading class java/lang/CharacterData00
Event: 1.379 loading class java/lang/CharacterData00 done
Event: 1.379 Executing VM operation: Deoptimize
Event: 1.379 Executing VM operation: Deoptimize done
Event: 1.384 Thread 0x00000000197fc000 Uncommon trap: trap_request=0xffffff65 fr.pc=0x00000000032fa174
Event: 1.384 Thread 0x00000000197fc000 DEOPT PACKING pc=0x00000000032fa174 sp=0x000000001a1eceb0
Event: 1.384 Thread 0x00000000197fc000 DEOPT UNPACKING pc=0x000000000301582a sp=0x000000001a1ecdd8 mode 2


Dynamic libraries:
0x00007ff68a870000 - 0x00007ff68a8a7000 	C:\Program Files\Java\jre1.8.0_101\bin\javaw.exe
0x00007ffddfc40000 - 0x00007ffddfe11000 	C:\WINDOWS\SYSTEM32\ntdll.dll
0x00007ffddfaf0000 - 0x00007ffddfb9c000 	C:\WINDOWS\System32\KERNEL32.DLL
0x00007ffddc330000 - 0x00007ffddc54d000 	C:\WINDOWS\System32\KERNELBASE.dll
0x00007ffddf4d0000 - 0x00007ffddf572000 	C:\WINDOWS\System32\ADVAPI32.dll
0x00007ffddfba0000 - 0x00007ffddfc3e000 	C:\WINDOWS\System32\msvcrt.dll
0x00007ffddf9d0000 - 0x00007ffddfa29000 	C:\WINDOWS\System32\sechost.dll
0x00007ffddf580000 - 0x00007ffddf6a1000 	C:\WINDOWS\System32\RPCRT4.dll
0x00007ffddd660000 - 0x00007ffddd7c5000 	C:\WINDOWS\System32\USER32.dll
0x00007ffddc180000 - 0x00007ffddc19e000 	C:\WINDOWS\System32\win32u.dll
0x00007ffddfab0000 - 0x00007ffddfae4000 	C:\WINDOWS\System32\GDI32.dll
0x00007ffddc1a0000 - 0x00007ffddc322000 	C:\WINDOWS\System32\gdi32full.dll
0x00007ffdd0840000 - 0x00007ffdd0aba000 	C:\WINDOWS\WinSxS\amd64_microsoft.windows.common-controls_6595b64144ccf1df_6.0.14393.953_none_42151e83c686086b\COMCTL32.dll
0x00007ffddd1d0000 - 0x00007ffddd498000 	C:\WINDOWS\System32\combase.dll
0x00007ffddd0d0000 - 0x00007ffddd1c5000 	C:\WINDOWS\System32\ucrtbase.dll
0x00007ffddc550000 - 0x00007ffddc5ba000 	C:\WINDOWS\System32\bcryptPrimitives.dll
0x00007ffddf880000 - 0x00007ffddf8ae000 	C:\WINDOWS\System32\IMM32.DLL
0x000000006b5e0000 - 0x000000006b6b2000 	C:\Program Files\Java\jre1.8.0_101\bin\msvcr100.dll
0x000000006b7a0000 - 0x000000006c03a000 	C:\Program Files\Java\jre1.8.0_101\bin\server\jvm.dll
0x00007ffddde70000 - 0x00007ffddde78000 	C:\WINDOWS\System32\PSAPI.DLL
0x00007ffdda500000 - 0x00007ffdda523000 	C:\WINDOWS\SYSTEM32\WINMM.dll
0x00007ffdd7cc0000 - 0x00007ffdd7cc9000 	C:\WINDOWS\SYSTEM32\WSOCK32.dll
0x00007ffdce880000 - 0x00007ffdce88a000 	C:\WINDOWS\SYSTEM32\VERSION.dll
0x00007ffddf810000 - 0x00007ffddf87a000 	C:\WINDOWS\System32\WS2_32.dll
0x00007ffdda4a0000 - 0x00007ffdda4cb000 	C:\WINDOWS\SYSTEM32\WINMMBASE.dll
0x00007ffddc130000 - 0x00007ffddc172000 	C:\WINDOWS\System32\cfgmgr32.dll
0x000000006b790000 - 0x000000006b79f000 	C:\Program Files\Java\jre1.8.0_101\bin\verify.dll
0x000000006b760000 - 0x000000006b789000 	C:\Program Files\Java\jre1.8.0_101\bin\java.dll
0x000000006b740000 - 0x000000006b756000 	C:\Program Files\Java\jre1.8.0_101\bin\zip.dll
0x00007ffdddfc0000 - 0x00007ffddf4c8000 	C:\WINDOWS\System32\SHELL32.dll
0x00007ffddc5c0000 - 0x00007ffddcc9a000 	C:\WINDOWS\System32\windows.storage.dll
0x00007ffddc0c0000 - 0x00007ffddc10c000 	C:\WINDOWS\System32\powrprof.dll
0x00007ffddfa40000 - 0x00007ffddfa92000 	C:\WINDOWS\System32\shlwapi.dll
0x00007ffddc110000 - 0x00007ffddc11f000 	C:\WINDOWS\System32\kernel.appcore.dll
0x00007ffddcf80000 - 0x00007ffddd029000 	C:\WINDOWS\System32\shcore.dll
0x00007ffddc0a0000 - 0x00007ffddc0b4000 	C:\WINDOWS\System32\profapi.dll
0x000000006b440000 - 0x000000006b5d8000 	C:\Program Files\Java\jre1.8.0_101\bin\awt.dll
0x00007ffddf910000 - 0x00007ffddf9cf000 	C:\WINDOWS\System32\OLEAUT32.dll
0x00007ffddd030000 - 0x00007ffddd0cc000 	C:\WINDOWS\System32\msvcp_win.dll
0x00007ffdda620000 - 0x00007ffdda69a000 	C:\WINDOWS\SYSTEM32\apphelp.dll
0x00007ffdda7c0000 - 0x00007ffdda855000 	C:\WINDOWS\system32\uxtheme.dll
0x00007ffddf6b0000 - 0x00007ffddf80a000 	C:\WINDOWS\System32\MSCTF.dll
0x00007ffdcf870000 - 0x00007ffdcfa16000 	c:\program files (x86)\enounce\myspeed\3xAVx64Core.dll
0x00007ffddde80000 - 0x00007ffdddfb8000 	C:\WINDOWS\System32\ole32.dll
0x00007ffddb750000 - 0x00007ffddb788000 	C:\WINDOWS\SYSTEM32\iphlpapi.dll
0x00007ffdb16e0000 - 0x00007ffdb177b000 	C:\WINDOWS\SYSTEM32\DSOUND.dll
0x00007ffdc1190000 - 0x00007ffdc1228000 	C:\Program Files\Common Files\microsoft shared\ink\tiptsf.dll
0x00007ffdd9d10000 - 0x00007ffdd9d36000 	C:\WINDOWS\system32\dwmapi.dll
0x00007ffddbb70000 - 0x00007ffddbb87000 	C:\WINDOWS\SYSTEM32\CRYPTSP.dll
0x00007ffddb5d0000 - 0x00007ffddb603000 	C:\WINDOWS\system32\rsaenh.dll
0x00007ffddbc80000 - 0x00007ffddbcab000 	C:\WINDOWS\SYSTEM32\bcrypt.dll
0x00007ffddb850000 - 0x00007ffddb86f000 	C:\WINDOWS\SYSTEM32\USERENV.dll
0x00007ffddbb90000 - 0x00007ffddbb9b000 	C:\WINDOWS\SYSTEM32\CRYPTBASE.dll
0x000000006b720000 - 0x000000006b73a000 	C:\Program Files\Java\jre1.8.0_101\bin\net.dll
0x00007ffddb9d0000 - 0x00007ffddba2c000 	C:\WINDOWS\system32\mswsock.dll
0x00007ffddfa30000 - 0x00007ffddfa38000 	C:\WINDOWS\System32\NSI.dll
0x00007ffdd73a0000 - 0x00007ffdd73b6000 	C:\WINDOWS\SYSTEM32\dhcpcsvc6.DLL
0x00007ffdd7380000 - 0x00007ffdd739a000 	C:\WINDOWS\SYSTEM32\dhcpcsvc.DLL
0x000000006b700000 - 0x000000006b711000 	C:\Program Files\Java\jre1.8.0_101\bin\nio.dll
0x000000006b3f0000 - 0x000000006b437000 	C:\Program Files\Java\jre1.8.0_101\bin\fontmanager.dll
0x00007ffdddc70000 - 0x00007ffdddd0f000 	C:\WINDOWS\System32\clbcatq.dll
0x00007ffdd9780000 - 0x00007ffdd9928000 	C:\WINDOWS\SYSTEM32\WindowsCodecs.dll
0x00007ffdbf000000 - 0x00007ffdbf049000 	C:\WINDOWS\system32\dataexchange.dll
0x00007ffdd8ab0000 - 0x00007ffdd8d66000 	C:\WINDOWS\system32\d3d11.dll
0x00007ffdd9ff0000 - 0x00007ffdda141000 	C:\WINDOWS\system32\dcomp.dll
0x00007ffddb020000 - 0x00007ffddb0bf000 	C:\WINDOWS\system32\dxgi.dll
0x00007ffddab60000 - 0x00007ffddac7c000 	C:\WINDOWS\system32\twinapi.appcore.dll
0x000000006b3a0000 - 0x000000006b3e2000 	C:\Program Files\Java\jre1.8.0_101\bin\t2k.dll

VM Arguments:
jvm_args: -Dfile.encoding=Cp1252 
java_command: view.Driver
java_class_path (initial): C:\new-workspace\green-repo\bin;C:\Users\Matt Phillips\.p2\pool\plugins\org.junit_4.12.0.v201504281640\junit.jar;C:\Users\Matt Phillips\.p2\pool\plugins\org.hamcrest.core_1.3.0.v201303031735.jar
Launcher Type: SUN_STANDARD

Environment Variables:
CLASSPATH=.;C:\Program Files (x86)\Java\jre1.8.0_65\lib\ext\QTJava.zip
PATH=C:/Program Files/Java/jre1.8.0_101/bin/server;C:/Program Files/Java/jre1.8.0_101/bin;C:/Program Files/Java/jre1.8.0_101/lib/amd64;C:\ProgramData\Oracle\Java\javapath;C:\WINDOWS\system32;C:\WINDOWS;C:\WINDOWS\System32\Wbem;C:\WINDOWS\System32\WindowsPowerShell\v1.0\;C:\Program Files\Microsoft SQL Server\120\Tools\Binn\;C:\Program Files (x86)\QuickTime\QTSystem\;C:\Program Files (x86)\Skype\Phone\;C:\Program Files\Git\cmd;C:\Program Files\Microsoft SQL Server\130\Tools\Binn\;C:\Program Files\dotnet\;C:\Program Files\Java\jdk1.8.0_60\bin;;C:\WINDOWS\system32;
USERNAME=Matt Phillips
OS=Windows_NT
PROCESSOR_IDENTIFIER=Intel64 Family 6 Model 69 Stepping 1, GenuineIntel



---------------  S Y S T E M  ---------------

OS: Windows 10.0 , 64 bit Build 14393 (10.0.14393.1198)

CPU:total 4 (2 cores per cpu, 2 threads per core) family 6 model 69 stepping 1, cmov, cx8, fxsr, mmx, sse, sse2, sse3, ssse3, sse4.1, sse4.2, popcnt, avx, avx2, aes, clmul, erms, lzcnt, ht, tsc, tscinvbit, bmi1, bmi2

Memory: 4k page, physical 8291400k(1809320k free), swap 33457224k(4k free)

vm_info: Java HotSpot(TM) 64-Bit Server VM (25.101-b13) for windows-amd64 JRE (1.8.0_101-b13), built on Jun 22 2016 01:21:29 by "java_re" with MS VC++ 10.0 (VS2010)

time: Thu Jun 01 15:54:38 2017
elapsed time: 1 seconds (0d 0h 0m 1s)

